41472510,154,Bradly,Facilis est beatae. Optio velit dolore libero rem culpa.,Tue Aug 23 2016 17:56:29 GMT-0700 (Pacific Daylight Time),null,05530298
41472511,456,Briana,Consequuntur voluptas facilis voluptatem aspernatur dolor at quis. Dolores eveniet et debitis reiciendis. Et est molestiae adipisci impedit et.,Sun Jul 27 2014 17:14:33 GMT-0700 (Pacific Daylight Time),null,05530298
41472512,509,Otilia,Ut rerum at facere reiciendis. Quam non similique aliquid perspiciatis incidunt sunt. Ut et labore rem placeat.,Wed Jul 08 2015 07:09:34 GMT-0700 (Pacific Daylight Time),Non eos dolorem itaque labore. Fuga voluptatem at blanditiis voluptates consectetur voluptatem. Cumque quia quidem dolore.,05530298
41472513,205,Ocie,Atque aut ea. Quia similique adipisci voluptas id facilis itaque facere ea dignissimos. Laborum est omnis accusantium nihil omnis. Natus officia at voluptas dolores.,Sun Jun 12 2016 04:02:56 GMT-0700 (Pacific Daylight Time),null,05530298
41472514,616,Buster,Aut pariatur velit dolor velit qui repudiandae ipsam. Delectus saepe qui facilis nihil est non.,Sat Jul 28 2018 03:45:20 GMT-0700 (Pacific Daylight Time),null,05530298
41472515,177,Stephen,In cupiditate voluptatem adipisci quia aut non eos. Amet est et quisquam vel in odit eligendi tenetur voluptatem. Qui repellendus distinctio voluptatum et temporibus. Nostrum placeat voluptatem ut enim eligendi ut itaque possimus tempora.,Sun Jun 01 2014 14:30:28 GMT-0700 (Pacific Daylight Time),Tempora iusto ut nam fuga libero cupiditate.,05530298
41474015,157,Mayra,Aliquam doloribus omnis qui aperiam quia mollitia. Fuga quas placeat. Odio ex vel dicta id quod culpa officia aut.,Mon Sep 04 2017 01:36:27 GMT-0700 (Pacific Daylight Time),null,05530493
41474016,260,Tessie,Molestias quia eaque sunt eius.,Sat Jul 05 2014 14:29:33 GMT-0700 (Pacific Daylight Time),Facere maxime iste amet blanditiis consequuntur earum quia qui tempora.,05530493
41474017,584,Maurice,Ad fuga architecto.,Fri Apr 29 2016 20:00:56 GMT-0700 (Pacific Daylight Time),null,05530493
41474018,364,Lisandro,Est vero minima ut illo.,Fri May 04 2018 23:39:18 GMT-0700 (Pacific Daylight Time),null,05530493
41474019,904,Saul,Dolorem odio velit dolor corrupti similique velit ex cupiditate.,Thu Feb 12 2015 11:59:58 GMT-0800 (Pacific Standard Time),Et et repudiandae. Excepturi officia ut delectus quo et optio adipisci tempora eveniet. Rerum qui exercitationem.,05530493
41474020,167,Blaise,Veniam vel et aut voluptas. Voluptatum enim praesentium non et in ea cupiditate autem. Cupiditate distinctio excepturi est soluta dolore assumenda. Tenetur tenetur cumque aut ut facilis rerum.,Mon Feb 24 2014 15:04:51 GMT-0800 (Pacific Standard Time),null,05530493
41471060,289,Ibrahim,Voluptatem praesentium et inventore ipsam asperiores. Molestiae quo id tenetur qui. Et aut dignissimos aperiam aut. Odit voluptatem vel fugit dolor vitae sequi.,Wed Nov 22 2017 14:11:55 GMT-0800 (Pacific Standard Time),Autem illo delectus ipsa.,05530108
41471061,515,Sonia,Quasi est debitis et repellendus et qui maiores expedita odit. Alias nostrum eos.,Sun Sep 23 2018 10:12:45 GMT-0700 (Pacific Daylight Time),null,05530108
41471062,190,Stephanie,Ut eius fugit. Consectetur nihil recusandae sit et a eveniet et quod.,Sun Mar 01 2015 06:40:19 GMT-0800 (Pacific Standard Time),Blanditiis aut voluptatem velit perspiciatis ad vel.,05530108
41471063,664,Aubree,Cumque aut fuga eveniet distinctio aliquam commodi deleniti.,Mon Apr 20 2020 14:42:48 GMT-0700 (Pacific Daylight Time),null,05530108
41471064,13,Barry,Rerum repellendus incidunt blanditiis. Veniam ut ex voluptas aperiam. Nulla ullam voluptatibus deleniti hic non repudiandae.,Sun Apr 16 2017 22:52:18 GMT-0700 (Pacific Daylight Time),Deserunt vel praesentium doloremque accusantium. Aut laboriosam eos qui et eum.,05530108
41473308,48,Joanny,Alias cum et nulla rerum. Asperiores facere delectus molestias aperiam unde eaque ea repudiandae corporis.,Mon May 15 2017 02:44:57 GMT-0700 (Pacific Daylight Time),null,05530404
41473309,605,Irma,Aut odit blanditiis cumque deleniti ad.,Sat Nov 21 2015 16:18:13 GMT-0800 (Pacific Standard Time),Ut et velit repellendus. Reprehenderit consequatur adipisci qui numquam tenetur adipisci. Nihil eius est similique id molestiae ut ut quis rerum.,05530404
41473310,509,Rod,Consequatur nesciunt aut quos totam ad id. Voluptatibus minima possimus soluta. Eaque provident ad. Molestiae doloribus vel qui culpa commodi porro est corrupti.,Sun Jul 22 2018 06:06:17 GMT-0700 (Pacific Daylight Time),null,05530404
52652928,323,Lupe,Aspernatur aspernatur repudiandae rerum et consequuntur qui iste ut est. Quia nulla consequuntur omnis natus amet omnis molestias. Consequatur sunt et similique consequatur eius distinctio dolor quibusdam porro.,Fri Jun 10 2016 11:51:32 GMT-0700 (Pacific Daylight Time),Voluptas vel amet dignissimos autem voluptas aliquam et et ex. Qui et non vitae et qui rerum sed cumque alias.,07021165
52652929,249,Barbara,Occaecati rem dicta non commodi ratione quibusdam a illo. Nemo facilis est veniam fugiat est saepe sit dolore. Et qui voluptatem magni error maxime id fuga voluptas vero.,Sat Apr 14 2018 07:32:33 GMT-0700 (Pacific Daylight Time),null,07021165
52652930,157,Loren,Totam alias quis at blanditiis sit quia consequatur nulla. Cupiditate facilis repellat vel eveniet. Necessitatibus qui sunt reiciendis est est ut tenetur et debitis.,Wed Feb 04 2015 09:22:56 GMT-0800 (Pacific Standard Time),null,07021165
52652931,571,Krystal,Et voluptate qui.,Thu May 29 2014 07:32:48 GMT-0700 (Pacific Daylight Time),Impedit minus harum. Et voluptas consequatur quis officia et harum et atque animi.,07021165
52652932,218,Jessy,Accusamus cum suscipit quis voluptatem non nemo. Temporibus eaque quibusdam consequatur libero nisi. Occaecati sunt dolore cumque asperiores molestias id temporibus.,Tue Sep 08 2015 03:18:52 GMT-0700 (Pacific Daylight Time),null,07021165
52652933,244,Bethany,Quo sapiente enim qui ab.,Thu Mar 23 2017 10:59:46 GMT-0700 (Pacific Daylight Time),null,07021165
52652934,908,Gennaro,Sit rerum harum ut omnis repellendus quae consequatur consequatur. Perferendis corporis omnis voluptas et. Error corrupti aliquam nihil temporibus architecto dolorem ex.,Fri Apr 18 2014 00:26:05 GMT-0700 (Pacific Daylight Time),null,07021165
52653097,771,Jadon,Iure commodi ut et cum voluptatem numquam et.,Mon Nov 27 2017 18:23:10 GMT-0800 (Pacific Standard Time),null,07021187
52653098,117,Chadrick,Sit possimus temporibus adipisci. Similique reprehenderit vitae sed fugiat et qui officiis. Id ipsum magnam dolores.,Tue Mar 24 2015 22:47:22 GMT-0700 (Pacific Daylight Time),null,07021187
52653099,885,Bernadine,Omnis omnis cum. Repellendus incidunt ab dolorem consectetur ratione aut omnis.,Fri Jun 01 2018 00:07:28 GMT-0700 (Pacific Daylight Time),Totam expedita nobis tempore. Possimus blanditiis qui. Nesciunt et ea dolores minus earum nemo ut ipsa. Ea non dolores ut omnis amet veritatis at maiores.,07021187
52653100,618,Mireille,Et omnis quisquam iure iusto. Odit dolor vero aliquam similique repudiandae. Non sit architecto rem accusantium iusto earum. Dolore quam suscipit alias repudiandae ut quod autem et aut.,Wed Mar 08 2017 12:27:28 GMT-0800 (Pacific Standard Time),null,07021187
52653101,511,Bartholome,Molestiae dolorem repellendus sunt voluptas sapiente.,Wed May 28 2014 02:08:12 GMT-0700 (Pacific Daylight Time),null,07021187
52653102,890,Amaya,Voluptas delectus corrupti suscipit provident quia consequatur tempore. Cumque fugiat quis eum voluptas reiciendis.,Thu Apr 11 2019 17:05:07 GMT-0700 (Pacific Daylight Time),null,07021187
52653103,858,Adrienne,Quas enim perferendis reiciendis.,Sun Feb 19 2017 07:15:30 GMT-0800 (Pacific Standard Time),null,07021187
52653104,875,Kurtis,Explicabo modi et quaerat autem suscipit repellendus. Dolores aliquid nulla.,Tue Apr 12 2016 01:38:25 GMT-0700 (Pacific Daylight Time),Ipsum enim pariatur.,07021187
52653105,128,Charlie,Labore quaerat id tempora impedit. Provident ullam veniam iure.,Thu May 10 2018 09:16:14 GMT-0700 (Pacific Daylight Time),Non at animi tenetur laboriosam explicabo aut est. Sit facilis ut sit laboriosam eaque. Cupiditate occaecati aspernatur voluptatem nemo exercitationem ipsam qui. Optio incidunt eius voluptas.,07021187
52653317,348,Michelle,Numquam aspernatur laborum explicabo sed culpa similique ut qui. Quia quia ullam est ad in ipsa qui.,Mon Jul 27 2015 06:40:58 GMT-0700 (Pacific Daylight Time),Dolorem quasi vitae. Doloribus voluptatem minus nesciunt in exercitationem nihil.,07021216
52653318,137,Rebeca,Qui nobis voluptatem repellat aperiam. A ut aut. Ut et debitis ut impedit voluptatum. Eius cum sint.,Thu Aug 23 2018 02:47:19 GMT-0700 (Pacific Daylight Time),null,07021216
52653319,891,Mozell,At est aut sunt omnis. Voluptas numquam et. Voluptates quos error dolorem. Molestias rerum sint.,Sun Jul 20 2014 17:19:53 GMT-0700 (Pacific Daylight Time),Et laudantium cum necessitatibus eum similique quas. Voluptas molestiae aut. Totam quo ea quod. Itaque omnis fugit ducimus suscipit tenetur doloribus quidem possimus corporis.,07021216
52653320,822,Shea,Ea voluptatem doloremque sit. Quia velit nihil sed esse veritatis atque soluta. Aut voluptas quam.,Thu Mar 15 2018 03:57:59 GMT-0700 (Pacific Daylight Time),null,07021216
52620990,384,Orin,Voluptatem nisi maiores quas. Quo provident aut harum omnis.,Tue Sep 15 2015 04:33:41 GMT-0700 (Pacific Daylight Time),null,07016891
52620991,4,Henry,Rem quaerat quos natus corrupti in id. Corrupti voluptates tenetur hic beatae.,Tue Apr 12 2016 00:08:22 GMT-0700 (Pacific Daylight Time),Illum culpa voluptatem tempore consectetur dolore et unde adipisci explicabo. Maxime nisi aut doloribus amet voluptatum. Recusandae minus sit dolores.,07016891
52620992,550,Robin,Ducimus amet ut est totam necessitatibus tenetur incidunt. Harum tenetur quia sed tenetur sit beatae velit.,Sun Jan 12 2020 23:46:38 GMT-0800 (Pacific Standard Time),null,07016891
52620993,558,Rico,Eum recusandae quis eos dolore rem accusantium quis. Explicabo aut nobis. Recusandae libero commodi cupiditate deserunt harum sint sed. Esse deserunt eius voluptas.,Sun Sep 03 2017 01:40:17 GMT-0700 (Pacific Daylight Time),null,07016891
52620994,161,Jordan,Itaque suscipit nobis dolor saepe. Et est harum temporibus recusandae aperiam voluptas. Eligendi rem aliquid molestiae nihil adipisci nemo animi consequatur.,Tue Oct 30 2018 13:06:40 GMT-0700 (Pacific Daylight Time),Ut deserunt non sapiente dolore alias aspernatur vel. Expedita quod est nihil consectetur alias minima fugiat. Omnis sint et maxime. Voluptates eius et odit tempore.,07016891
52620995,367,Zella,Totam maxime rerum nihil et omnis delectus necessitatibus. Quidem id velit. Sapiente cumque aut et quaerat hic non eum veniam. Earum nam impedit natus accusamus velit tenetur.,Tue Nov 25 2014 11:55:31 GMT-0800 (Pacific Standard Time),null,07016891
52620996,640,Rebekah,Qui beatae officiis voluptatem repellat maxime. Iste et ad saepe exercitationem et voluptatem cum.,Thu Sep 27 2018 02:46:33 GMT-0700 (Pacific Daylight Time),Pariatur dolorum illum qui et est ut culpa velit. Repudiandae sed omnis aut qui. Optio harum eligendi iure in et maiores.,07016891
52620997,364,Rae,Molestiae animi fugit blanditiis provident assumenda.,Sat Mar 09 2019 03:38:49 GMT-0800 (Pacific Standard Time),Minus fuga occaecati. Molestiae est sunt esse rerum voluptas et consequatur cupiditate. Et aut officiis ea labore qui deleniti dignissimos culpa sint. Quos eligendi odit et eveniet vel dolorem.,07016891
52620998,868,Garland,Quis sit est repellendus exercitationem veritatis pariatur. Id qui minus libero tempora rerum velit hic. Eveniet reprehenderit sit voluptate voluptas rerum doloremque distinctio. Necessitatibus placeat autem sunt.,Thu Aug 17 2017 04:40:54 GMT-0700 (Pacific Daylight Time),null,07016891
52620999,37,Quentin,Et ut excepturi veritatis possimus voluptas.,Sat Apr 16 2016 08:12:53 GMT-0700 (Pacific Daylight Time),Voluptatem iste sint quos. Voluptatum qui enim ex voluptate sed.,07016891
52623767,723,Ernie,Voluptatem quibusdam autem ut at. Molestias ut consequatur molestias consequatur voluptas vel mollitia cumque mollitia. Rerum in velit perferendis. Sit qui tempore rerum ut inventore adipisci tempora aut eligendi.,Sat May 23 2015 04:35:58 GMT-0700 (Pacific Daylight Time),Consectetur necessitatibus nihil quia. Nemo repellat aut voluptatem quis.,07017258
52623768,3,Davonte,Possimus quas incidunt voluptatum atque sit. Optio modi dolor dicta et et illo tempora dolorum atque. Voluptatibus perspiciatis voluptas corporis maxime perspiciatis iste voluptatem fugiat. Consequatur iure et.,Tue Sep 02 2014 19:50:42 GMT-0700 (Pacific Daylight Time),Ratione ut corporis et unde et optio. Ipsum quia omnis vel iste. Ipsa consequatur cum vero non animi commodi perspiciatis veritatis commodi. Reiciendis voluptatem reprehenderit.,07017258
52623769,643,Chanel,At suscipit omnis sed impedit esse modi atque officiis.,Mon May 01 2017 17:35:14 GMT-0700 (Pacific Daylight Time),Rerum sunt quibusdam omnis est dolorem quos quia quia. Aliquid quae eaque ipsam temporibus ut quaerat voluptatem quibusdam. Et voluptatum alias.,07017258
52623770,891,Sadye,Quos iusto sed. Est sit dolores eveniet aut unde odit totam. Eaque dolorem et reprehenderit.,Sat Jul 15 2017 01:27:16 GMT-0700 (Pacific Daylight Time),Facilis rem aut consequatur ea alias sunt porro et id. Qui eligendi tempore velit ullam enim aspernatur et accusamus quisquam.,07017258
52623771,837,Ottis,Placeat eum accusamus. Laudantium occaecati voluptatem autem modi minus aliquam nostrum dolorum error. Aut nesciunt doloremque quidem sunt dolore provident harum excepturi sequi. Nesciunt enim aperiam est et a facere amet ut.,Sat Jul 07 2018 00:38:24 GMT-0700 (Pacific Daylight Time),Ad qui doloribus. Illum qui hic iusto voluptatibus aut. Officia qui minus laudantium ducimus rerum illo. Eveniet a illo qui recusandae est eveniet ut.,07017258
52623825,511,Harmony,Expedita et dolor deleniti aut accusantium. Doloremque sed fugiat quibusdam et. Placeat omnis qui dignissimos accusamus illo ipsum.,Mon Apr 09 2018 19:23:05 GMT-0700 (Pacific Daylight Time),Facilis voluptate rerum ut libero sint commodi.,07017266
52623826,960,Adrienne,Nesciunt et nemo blanditiis molestias et similique. Aut molestiae porro fugiat ea et molestias. Et ullam sapiente asperiores optio id.,Sun Sep 27 2015 02:33:04 GMT-0700 (Pacific Daylight Time),Modi voluptatem ut. Accusamus tempore nihil ratione qui omnis dolorum et voluptatum id. Et ea rerum excepturi et eos deleniti magnam libero.,07017266
52623827,759,Sherman,Repudiandae iste eius sint quidem consequatur illum.,Fri Nov 23 2018 13:10:02 GMT-0800 (Pacific Standard Time),null,07017266
52623828,167,Ruthe,Officia odit dolores.,Sun Apr 01 2018 06:00:28 GMT-0700 (Pacific Daylight Time),Maxime sunt sed praesentium rem ipsa in. Velit neque voluptates impedit quia quisquam ipsam sit rerum. Aut non deserunt itaque ad quo.,07017266
52623829,163,Adelbert,Possimus veritatis deleniti. Ut voluptas minus ullam. Ullam fugit a velit.,Sat Dec 29 2018 00:57:41 GMT-0800 (Pacific Standard Time),null,07017266
57857327,957,Floyd,Eveniet aperiam repudiandae qui. Dolor sapiente eaque.,Mon Aug 31 2015 00:59:07 GMT-0700 (Pacific Daylight Time),Eos in sit rerum.,07714834
57857328,650,Noe,Corrupti excepturi aut sit et quia omnis ullam.,Sat Jun 10 2017 23:28:09 GMT-0700 (Pacific Daylight Time),null,07714834
57857329,409,Misael,Nam molestias a dolor quia excepturi deleniti. Iusto dolorem iure blanditiis qui rem possimus aliquid aperiam.,Sun Sep 01 2019 03:41:28 GMT-0700 (Pacific Daylight Time),null,07714834
57857330,792,Jakob,Alias aspernatur omnis adipisci incidunt consectetur voluptatem cum. Sint ratione ullam cumque optio eum.,Sun Jun 24 2018 11:42:47 GMT-0700 (Pacific Daylight Time),Ipsam reprehenderit est fuga et voluptates enim voluptas tempora minima. Voluptatibus vero est dignissimos temporibus. Facere minima nostrum labore vel magnam est occaecati corporis.,07714834
57857331,150,Johnpaul,Et blanditiis quis sed. Ut maiores autem et aut necessitatibus explicabo. Voluptatem ea veniam rem fuga voluptatem magni dolores culpa est.,Wed Mar 21 2018 13:47:19 GMT-0700 (Pacific Daylight Time),null,07714834
57858427,455,Margarett,Eum non rerum. Et laborum nihil.,Thu Jul 09 2020 05:24:07 GMT-0700 (Pacific Daylight Time),null,07714981
57858428,479,Ayden,Velit qui eaque est saepe voluptates quo veniam quia. Consequatur nihil qui recusandae fugit possimus aut excepturi. Omnis sunt officia rerum rerum mollitia maxime dignissimos.,Sun Jul 15 2018 00:22:16 GMT-0700 (Pacific Daylight Time),null,07714981
57858429,988,Stanton,Odio eius autem ratione est nam ea vitae explicabo veniam. Aut error qui eum ad qui quia. Architecto hic culpa molestiae delectus itaque.,Sun Nov 23 2014 19:14:32 GMT-0800 (Pacific Standard Time),null,07714981
57858430,890,Kaia,Dolorum natus odio voluptas. Qui nemo et facilis rerum eius unde ex molestiae in.,Sun Aug 25 2019 01:35:44 GMT-0700 (Pacific Daylight Time),null,07714981
57858431,726,Keanu,Dolorem earum porro. Voluptas porro quibusdam est ut rerum fugiat eum corrupti consequuntur. At eius quasi alias.,Tue Sep 13 2016 05:47:43 GMT-0700 (Pacific Daylight Time),Excepturi aspernatur ipsum debitis quas. Magni eum vitae.,07714981
57858432,276,Dominique,In a omnis iste sed praesentium nesciunt pariatur odit nemo. Enim recusandae autem quisquam qui aspernatur ex. Assumenda corrupti nihil voluptatem. Nobis reprehenderit rerum.,Sat Jun 09 2018 03:02:18 GMT-0700 (Pacific Daylight Time),null,07714981
57858433,114,Shania,Eum aut est et. Et dolores impedit sapiente modi. In ad facilis cumque eligendi pariatur voluptas sint.,Mon Jul 20 2015 21:51:36 GMT-0700 (Pacific Daylight Time),null,07714981
57858434,290,Giovanna,Sed optio ipsum blanditiis qui omnis aperiam amet doloribus.,Sat Dec 27 2014 20:37:27 GMT-0800 (Pacific Standard Time),Eveniet omnis molestiae deserunt sunt natus aut voluptatem. Non quaerat vel sit veritatis. Et tempore dolorum eos beatae numquam quas.,07714981
57858736,579,Rhoda,Porro error et odio aut. Dolorem quia doloribus itaque harum.,Tue Jun 07 2016 12:52:34 GMT-0700 (Pacific Daylight Time),null,07715022
57858737,492,Moriah,Vel quae culpa atque reiciendis.,Sat Jun 09 2018 20:25:09 GMT-0700 (Pacific Daylight Time),null,07715022
57858738,991,Cathrine,Quia corrupti sunt reiciendis provident.,Wed Jul 01 2020 03:51:37 GMT-0700 (Pacific Daylight Time),Non enim veritatis quaerat vel at dicta officia iure debitis.,07715022
57858739,157,Jonathan,Voluptatibus enim commodi. Molestiae et magnam temporibus eos saepe sed. Optio ut est repellendus ex. Exercitationem nulla ut nemo.,Tue Mar 15 2016 13:02:32 GMT-0700 (Pacific Daylight Time),null,07715022
57858740,288,Eldora,Natus dignissimos qui nihil numquam sit eos recusandae.,Sun Oct 20 2019 03:08:00 GMT-0700 (Pacific Daylight Time),Officiis assumenda et alias molestiae quos quis explicabo. Aspernatur veniam sit.,07715022
57858741,937,Brycen,Eligendi similique perferendis eaque sunt veritatis hic maxime. Eius illum sunt repellendus et et alias quia sunt earum. Quia hic soluta.,Wed Oct 05 2016 22:01:05 GMT-0700 (Pacific Daylight Time),null,07715022
57858742,889,Amos,Et labore vel. Rerum distinctio dolorem tempora omnis suscipit. Aut consectetur et fuga.,Sun Sep 11 2016 05:53:43 GMT-0700 (Pacific Daylight Time),null,07715022
71715726,621,Malika,Ipsa rem ex. Sit ab maiores.,Wed Apr 01 2020 04:17:51 GMT-0700 (Pacific Daylight Time),Quam odio vero. Fugit atque rerum autem dolor enim quasi. Qui aspernatur aperiam harum.,09562804
71715727,38,Roslyn,Culpa doloremque incidunt voluptas dolores animi ipsam. Rem rerum debitis aut voluptatem eveniet dolorem repellendus excepturi aut.,Sat Jul 30 2016 03:00:39 GMT-0700 (Pacific Daylight Time),Tempore dolore debitis occaecati mollitia quibusdam sit. Asperiores voluptas labore autem id. Neque soluta tenetur accusamus itaque itaque aut.,09562804
71715728,791,Savanah,Quibusdam labore eius qui. Recusandae iure blanditiis. Dolorum facilis harum nesciunt maiores in.,Sat Jun 10 2017 14:25:57 GMT-0700 (Pacific Daylight Time),null,09562804
71715729,441,Emily,Omnis qui consequatur aut voluptas dolorem.,Tue Aug 25 2015 11:09:05 GMT-0700 (Pacific Daylight Time),Natus fuga quibusdam adipisci itaque blanditiis eos sapiente dolore consequatur. Facere asperiores laborum.,09562804
71715730,669,Benton,Et sed dolorem repellendus atque velit non officia. Nemo voluptates ut excepturi. Nam nihil ea distinctio voluptates veniam non quidem et.,Sun Dec 13 2015 11:44:40 GMT-0800 (Pacific Standard Time),Voluptatem amet tempore aperiam ut. Mollitia dolorem aliquam sit nisi enim doloribus facilis ducimus. Impedit sit dolore consequatur autem consequatur rerum.,09562804
71717694,904,Lonzo,Fugit eum aspernatur blanditiis facilis quia reiciendis dolorem.,Wed Oct 30 2019 18:01:28 GMT-0700 (Pacific Daylight Time),Debitis voluptate natus. Autem et ipsa.,09563062
71717695,651,Norwood,Et qui ut qui veritatis tempora distinctio illum quibusdam. Dolor sed ad totam laborum qui qui alias.,Tue Oct 22 2019 11:50:54 GMT-0700 (Pacific Daylight Time),Facere corrupti et consequatur ad. Quo ut veniam laudantium qui porro praesentium et. In rem nemo odit ad fugiat quia et.,09563062
71717696,297,Hoyt,Est et dolor ipsum at adipisci.,Tue Mar 10 2020 05:03:24 GMT-0700 (Pacific Daylight Time),Aliquam voluptate corrupti suscipit delectus. Omnis incidunt ut ex a rerum ducimus fugit libero maxime. Consectetur quas ipsum esse ut excepturi aperiam odit. Qui est non autem qui quia et possimus quis earum.,09563062
71717697,711,Pattie,Vero magnam provident qui quam sunt sequi omnis quas. Dolorem et occaecati ex.,Sun Sep 08 2019 07:21:47 GMT-0700 (Pacific Daylight Time),null,09563062
71717698,787,Stanford,Modi rem numquam aliquam. Debitis dolores magnam in quam ipsa. Aut inventore itaque quia ab et porro molestias nulla.,Tue Nov 08 2016 13:36:21 GMT-0800 (Pacific Standard Time),Rem aliquid explicabo magni. Minus quibusdam ipsa.,09563062
71717699,431,Danial,Ut magnam quis ipsa. Ut ut dolorem tempore cum voluptatem vitae incidunt quos exercitationem. Veritatis neque ad repudiandae non maxime recusandae.,Tue Jan 19 2016 05:14:28 GMT-0800 (Pacific Standard Time),Accusamus soluta necessitatibus incidunt eos sint.,09563062
71717700,77,Lelah,Quia ut tenetur voluptatem tempore itaque et mollitia. Reiciendis fugiat quasi voluptas dolore. Aliquid ab exercitationem dolores amet quia.,Mon Jan 21 2019 18:46:43 GMT-0800 (Pacific Standard Time),Culpa qui aut quae reiciendis perspiciatis quia voluptatem doloribus est. Praesentium ipsum earum iste dolores consequatur provident maiores doloribus qui. Provident suscipit minus molestiae qui.,09563062
71718319,1,Winona,Deserunt adipisci delectus aut consequatur cumque iste delectus minus. Autem nisi nostrum quis omnis a quia repellat libero. Tempore sint sed delectus fuga qui sequi eum natus. Sit unde sunt quidem quisquam quis vel.,Fri Jan 17 2020 04:59:51 GMT-0800 (Pacific Standard Time),Qui saepe et aliquam praesentium quidem dolor non ut fugiat.,09563140
71718320,376,Ruby,Natus aut quos iste. Laborum voluptatem ex neque.,Mon Mar 30 2015 19:35:55 GMT-0700 (Pacific Daylight Time),Enim autem ut accusamus sed.,09563140
71718321,136,Obie,Vitae fugit ipsum perferendis qui voluptas est.,Fri Aug 15 2014 01:36:49 GMT-0700 (Pacific Daylight Time),Labore quia autem doloribus maiores. Et error vel expedita dolorum omnis praesentium explicabo. Consectetur sed odio minus aspernatur possimus quod nostrum corporis.,09563140
71718322,333,Chance,Sint debitis laudantium reprehenderit sequi voluptas cupiditate. Et ut maxime ut eveniet sapiente cumque explicabo aliquid.,Sun May 28 2017 08:14:52 GMT-0700 (Pacific Daylight Time),null,09563140
71718323,685,Katelynn,Necessitatibus odio illum suscipit. In excepturi et assumenda itaque. Sit qui ex explicabo dolores vel sunt sapiente accusamus temporibus. Optio nisi minima corporis officia voluptatem alias accusantium dolorem illum.,Mon Apr 25 2016 16:52:45 GMT-0700 (Pacific Daylight Time),Ut repudiandae odit rem praesentium. Incidunt incidunt delectus rerum soluta similique. Perspiciatis aliquid facere.,09563140
71719468,716,Kailee,Iste doloribus voluptas error sed et quos.,Tue Aug 11 2015 12:49:44 GMT-0700 (Pacific Daylight Time),Voluptatibus est ut facilis ut eos dolorem.,09563289
71719469,677,Rhea,Qui rerum quia beatae enim numquam asperiores harum. Unde possimus ipsum voluptates quia sit. Consequuntur ullam iste ducimus et expedita perspiciatis excepturi rerum.,Fri Apr 19 2019 23:10:37 GMT-0700 (Pacific Daylight Time),Consectetur libero qui. Eum voluptatibus repellendus repellendus. Perferendis qui ut quasi ex.,09563289
71719470,187,Maxie,Ipsum ut consectetur. Voluptas nostrum atque provident adipisci quia rerum sunt. Tempore eum iste architecto neque enim aut sint nostrum non.,Tue Mar 06 2018 15:44:54 GMT-0800 (Pacific Standard Time),null,09563289
71688462,501,Maxime,Minima optio qui sit. Sit consequatur id. Sapiente temporibus debitis blanditiis dolores. Et quia molestiae modi molestiae.,Wed Jan 08 2014 03:16:46 GMT-0800 (Pacific Standard Time),null,09559153
71688463,888,Eloise,Optio dolorum quasi voluptatem delectus aspernatur modi nihil esse dolorum.,Mon Apr 29 2019 07:53:47 GMT-0700 (Pacific Daylight Time),null,09559153
71688759,819,Kody,Nesciunt aut aut neque sed illum voluptas. Quis voluptatem earum.,Sat Nov 08 2014 02:39:12 GMT-0800 (Pacific Standard Time),Soluta qui adipisci veritatis. Voluptas asperiores laboriosam id mollitia. Facilis tenetur dolorem qui aut aliquam et magnam eaque. Ratione similique quidem deserunt eum dolor corporis aut et magnam.,09559193
71688760,672,Bennie,Ut ea qui nihil numquam consectetur hic architecto earum. Voluptatem amet repudiandae soluta rerum provident officia.,Thu Feb 06 2020 11:33:10 GMT-0800 (Pacific Standard Time),null,09559193
71688761,579,Vivien,Ipsum blanditiis et. Eligendi et dolor velit occaecati. Rerum non architecto laudantium maxime tempore a. Veniam aperiam velit commodi modi voluptatem explicabo.,Sun Apr 15 2018 21:29:27 GMT-0700 (Pacific Daylight Time),Et debitis aut.,09559193
71688762,525,Carter,Dolores facilis qui non sequi. Molestiae laboriosam quia. Deserunt cum veniam occaecati exercitationem et. Et consectetur placeat delectus.,Sun Sep 27 2015 23:49:36 GMT-0700 (Pacific Daylight Time),null,09559193
71688763,9,Lowell,Ut voluptas et officia rerum itaque voluptatem ipsum laboriosam labore. Alias laudantium vitae beatae eos commodi occaecati commodi necessitatibus dolore.,Sun Mar 02 2014 21:54:55 GMT-0800 (Pacific Standard Time),Provident consequatur natus aut et quo qui sit. Non delectus deleniti perspiciatis autem ut fuga vitae aliquid. Sit ullam minus occaecati pariatur aut reiciendis. Id rem debitis labore voluptatem occaecati explicabo.,09559193
71688764,914,Arden,Ut ducimus architecto.,Fri Dec 08 2017 03:43:23 GMT-0800 (Pacific Standard Time),Est et suscipit error provident voluptates rerum ut. Similique deleniti est dignissimos ut. Adipisci blanditiis perspiciatis modi consequuntur laborum ratione qui.,09559193
71688765,494,Marcelo,Iusto earum hic ut hic ducimus harum tempore consectetur odio. Doloremque fugit numquam deserunt. Est magnam maxime quod reiciendis alias autem excepturi vero perferendis. Et aperiam officiis ut.,Wed Jul 09 2014 22:09:45 GMT-0700 (Pacific Daylight Time),Culpa provident aut eum suscipit quia quo.,09559193
71689254,861,Nicolette,At minus dolores debitis molestias impedit molestiae fugiat quia sequi. Sint rerum ad non rerum.,Mon Jul 13 2015 19:55:37 GMT-0700 (Pacific Daylight Time),null,09559261
71689255,292,Abraham,Ut eveniet voluptas odio eum non unde aut sit. Voluptatem aliquam quidem est pariatur suscipit.,Sat Jul 18 2015 05:03:43 GMT-0700 (Pacific Daylight Time),null,09559261
71689256,89,Terrence,Error deleniti dolores alias consequatur in voluptas dicta aut dolorum. Sequi et possimus.,Mon Apr 20 2020 16:35:53 GMT-0700 (Pacific Daylight Time),null,09559261
71689257,265,Cassie,Ab quia voluptatem. Quod facilis voluptatem sed ducimus aut. Beatae nihil praesentium expedita eos et laborum voluptates et. Itaque eum vel placeat.,Tue Aug 06 2019 01:18:20 GMT-0700 (Pacific Daylight Time),Neque recusandae suscipit dolorem nostrum inventore provident. Eos eligendi ut.,09559261
71689258,493,Cathryn,Totam magni qui non expedita recusandae nihil modi et. Dolores quas omnis qui est dicta reprehenderit error et. Deleniti aut rerum mollitia fugit tempora aut. Aliquam cupiditate vel quisquam rerum aperiam.,Tue Oct 31 2017 11:05:05 GMT-0700 (Pacific Daylight Time),Esse autem non.,09559261
71689259,497,Barton,Consectetur sed omnis numquam est eaque et. Perferendis voluptatem labore quia animi rerum ipsa sit aut rerum.,Sun May 03 2015 21:23:06 GMT-0700 (Pacific Daylight Time),Fugiat enim cum.,09559261
71689260,324,Michael,Non consequatur est placeat odio numquam voluptatem. Unde eos totam consectetur aut ullam nulla rerum. Voluptatem sed qui nihil sed esse eius eos autem dolorem.,Mon Sep 12 2016 22:37:48 GMT-0700 (Pacific Daylight Time),Nesciunt necessitatibus maiores.,09559261
71689261,866,Santa,Eveniet sapiente provident ab reprehenderit sit architecto aut praesentium. Sunt facere quis. Expedita maiores ipsum reprehenderit similique animi eius nesciunt et.,Wed Feb 08 2017 04:51:55 GMT-0800 (Pacific Standard Time),Consequatur et dolorem ut temporibus ratione cupiditate. Iure minus amet est asperiores. Recusandae eum amet quibusdam corrupti non temporibus alias.,09559261
71689367,750,Brooklyn,Harum et placeat quae.,Wed Sep 06 2017 19:12:41 GMT-0700 (Pacific Daylight Time),Dolorem alias modi et modi mollitia odit laudantium cupiditate. Dolorum culpa repudiandae tenetur neque occaecati atque sint aspernatur culpa. Maiores consequatur est natus harum laboriosam dolorum. In eligendi rem dolorum quia eveniet.,09559275
71689368,230,Maryjane,Repudiandae non voluptatibus possimus molestiae modi est. Magnam est ullam consequatur sunt.,Sun May 14 2017 08:43:44 GMT-0700 (Pacific Daylight Time),null,09559275
71689369,443,Colin,Ut corrupti omnis qui. Vero natus maiores molestias repudiandae dignissimos voluptates. Repellat quia illo voluptate tempora reprehenderit et nemo voluptates dicta.,Wed Dec 31 2014 17:26:09 GMT-0800 (Pacific Standard Time),null,09559275
